--- Startup times for process: Primary (or UI client) ---

times in msec
 clock   self+sourced   self:  sourced script
 clock   elapsed:              other lines

000.000  000.000: --- NVIM STARTING ---
000.056  000.056: event init
000.160  000.104: early init
000.451  000.291: locale set
000.472  000.021: init first window
000.764  000.291: inits 1
000.770  000.006: window checked
000.773  000.003: parsing arguments
001.078  000.025  000.025: require('vim.shared')
001.129  000.020  000.020: require('vim.inspect')
001.156  000.023  000.023: require('vim._options')
001.159  000.079  000.036: require('vim._editor')
001.192  000.032  000.032: require('vim._system')
001.193  000.157  000.020: require('vim._init_packages')
001.194  000.265: init lua interpreter
002.748  001.553: expanding arguments
002.760  000.013: inits 2
002.927  000.167: init highlight
002.945  000.018: clear screen
003.037  000.009  000.009: require('vim.keymap')
003.890  000.090  000.090: sourcing nvim_exec2()
004.011  001.063  000.965: require('vim._defaults')
004.012  000.004: init default mappings & autocommands
004.587  000.043  000.043: sourcing /opt/homebrew/Cellar/neovim/HEAD-2ef48fc/share/nvim/runtime/ftplugin.vim
004.650  000.016  000.016: sourcing /opt/homebrew/Cellar/neovim/HEAD-2ef48fc/share/nvim/runtime/indent.vim
005.894  000.309  000.309: sourcing nvim_exec2() called at /Users/s_a_b/Documents/etc/dotfiles/config/nvim/init.lua:0
030.195  024.298  024.298: sourcing nvim_exec2() called at /Users/s_a_b/Documents/etc/dotfiles/config/nvim/init.lua:0
032.469  000.098  000.098: sourcing /opt/homebrew/Cellar/neovim/HEAD-2ef48fc/share/nvim/runtime/plugin/gzip.vim
032.931  000.119  000.119: sourcing /opt/homebrew/Cellar/neovim/HEAD-2ef48fc/share/nvim/runtime/pack/dist/opt/matchit/plugin/matchit.vim
032.978  000.478  000.358: sourcing /opt/homebrew/Cellar/neovim/HEAD-2ef48fc/share/nvim/runtime/plugin/matchit.vim
033.078  000.073  000.073: sourcing /opt/homebrew/Cellar/neovim/HEAD-2ef48fc/share/nvim/runtime/plugin/matchparen.vim
033.490  000.115  000.115: sourcing /opt/homebrew/Cellar/neovim/HEAD-2ef48fc/share/nvim/runtime/pack/dist/opt/netrw/plugin/netrwPlugin.vim
033.517  000.412  000.297: sourcing /opt/homebrew/Cellar/neovim/HEAD-2ef48fc/share/nvim/runtime/plugin/netrwPlugin.vim
033.635  000.082  000.082: sourcing /opt/homebrew/Cellar/neovim/HEAD-2ef48fc/share/nvim/runtime/plugin/rplugin.vim
033.676  000.009  000.009: sourcing /opt/homebrew/Cellar/neovim/HEAD-2ef48fc/share/nvim/runtime/plugin/spellfile.vim
033.764  000.057  000.057: sourcing /opt/homebrew/Cellar/neovim/HEAD-2ef48fc/share/nvim/runtime/plugin/tarPlugin.vim
033.805  000.009  000.009: sourcing /opt/homebrew/Cellar/neovim/HEAD-2ef48fc/share/nvim/runtime/plugin/tutor.vim
033.896  000.059  000.059: sourcing /opt/homebrew/Cellar/neovim/HEAD-2ef48fc/share/nvim/runtime/plugin/zipPlugin.vim
034.221  000.072  000.072: sourcing /Users/s_a_b/.local/share/nvim/pack/plugins/start/markdown-preview.nvim/plugin/mkdp.vim
034.428  000.009  000.009: sourcing /Users/s_a_b/.local/share/nvim/pack/plugins/start/nvim-web-devicons/plugin/nvim-web-devicons.vim
034.582  000.014  000.014: sourcing /Users/s_a_b/.local/share/nvim/pack/plugins/start/plenary.nvim/plugin/plenary.vim
034.992  000.192  000.192: sourcing /Users/s_a_b/.local/share/nvim/pack/plugins/start/vim-sneak/plugin/sneak.vim
035.090  000.016  000.016: sourcing /Users/s_a_b/.local/share/nvim/pack/plugins/start/vimtex/plugin/vimtex.vim
035.137  003.510  001.931: sourcing nvim_exec2() called at /Users/s_a_b/Documents/etc/dotfiles/config/nvim/init.lua:0
035.765  000.043  000.043: sourcing /opt/homebrew/Cellar/neovim/HEAD-2ef48fc/share/nvim/runtime/plugin/editorconfig.lua
035.846  000.050  000.050: sourcing /opt/homebrew/Cellar/neovim/HEAD-2ef48fc/share/nvim/runtime/plugin/man.lua
035.936  000.057  000.057: sourcing /opt/homebrew/Cellar/neovim/HEAD-2ef48fc/share/nvim/runtime/plugin/nvim/net.lua
036.040  000.072  000.072: sourcing /opt/homebrew/Cellar/neovim/HEAD-2ef48fc/share/nvim/runtime/plugin/osc52.lua
036.151  000.080  000.080: sourcing /opt/homebrew/Cellar/neovim/HEAD-2ef48fc/share/nvim/runtime/plugin/shada.lua
036.214  000.030  000.030: sourcing /opt/homebrew/Cellar/neovim/HEAD-2ef48fc/share/nvim/runtime/plugin/tohtml.lua
038.011  000.693  000.693: require('vim.lsp.protocol')
038.034  000.018  000.018: require('vim.fs')
038.045  000.872  000.160: require('vim.lsp.log')
038.906  000.860  000.860: require('vim.lsp.util')
039.241  000.164  000.164: require('vim.lsp.sync')
039.244  000.336  000.172: require('vim.lsp._changetracking')
039.590  000.114  000.114: require('vim.lsp._transport')
039.689  000.003  000.003: require('string.buffer')
039.690  000.080  000.078: require('vim._stringbuffer')
039.692  000.448  000.253: require('vim.lsp.rpc')
039.707  003.299  000.785: require('vim.lsp')
039.950  000.241  000.241: require('blink.cmp')
040.368  000.158  000.158: require('blink.cmp.lib.async')
040.577  000.078  000.078: require('blink.cmp.config.utils')
040.675  000.097  000.097: require('blink.cmp.config.keymap')
040.801  000.056  000.056: require('blink.cmp.config.completion.keyword')
040.879  000.077  000.077: require('blink.cmp.config.completion.trigger')
040.950  000.070  000.070: require('blink.cmp.config.completion.list')
041.029  000.078  000.078: require('blink.cmp.config.completion.accept')
041.187  000.157  000.157: require('blink.cmp.config.completion.menu')
041.282  000.094  000.094: require('blink.cmp.config.completion.documentation')
041.345  000.063  000.063: require('blink.cmp.config.completion.ghost_text')
041.346  000.670  000.075: require('blink.cmp.config.completion')
041.482  000.135  000.135: require('blink.cmp.config.fuzzy')
041.628  000.145  000.145: require('blink.cmp.config.sources')
041.758  000.128  000.128: require('blink.cmp.config.signature')
041.893  000.134  000.134: require('blink.cmp.config.snippets')
041.990  000.097  000.097: require('blink.cmp.config.appearance')
042.075  000.084  000.084: require('blink.cmp.config.modes.cmdline')
042.159  000.083  000.083: require('blink.cmp.config.modes.term')
042.160  001.792  000.140: require('blink.cmp.config')
042.318  000.156  000.156: require('blink.cmp.lib.utils')
042.387  000.068  000.068: require('blink.cmp.lib.event_emitter')
042.390  002.440  000.266: require('blink.cmp.sources.lib')
042.399  006.011  000.031: sourcing /Users/s_a_b/.local/share/nvim/pack/plugins/start/blink.cmp/plugin/blink-cmp.lua
042.554  000.026  000.026: sourcing /Users/s_a_b/.local/share/nvim/pack/plugins/start/github-nvim-theme/plugin/github_theme.lua
042.805  000.158  000.158: require('gitsigns')
043.094  000.254  000.254: require('gitsigns.highlight')
043.254  000.147  000.147: require('gitsigns.debug.log')
043.490  000.235  000.235: require('gitsigns.config')
043.867  000.090  000.090: require('gitsigns.debounce')
043.877  001.240  000.356: sourcing /Users/s_a_b/.local/share/nvim/pack/plugins/start/gitsigns.nvim/plugin/gitsigns.lua
044.467  000.299  000.299: require('lspconfig.util')
044.688  000.216  000.216: require('vim.version')
045.675  001.629  001.114: sourcing /Users/s_a_b/.local/share/nvim/pack/plugins/start/nvim-lspconfig/plugin/lspconfig.lua
046.414  000.138  000.138: require('nvim-treesitter.utils')
048.345  000.108  000.108: require('vim.treesitter.language')
048.400  000.053  000.053: require('vim.func')
048.480  000.077  000.077: require('vim.func._memoize')
048.501  000.674  000.435: require('vim.treesitter.query')
048.609  000.107  000.107: require('vim.treesitter._range')
048.618  001.265  000.484: require('vim.treesitter.languagetree')
048.622  001.488  000.223: require('vim.treesitter')
049.477  003.062  001.574: require('nvim-treesitter.parsers')
050.499  000.095  000.095: require('nvim-treesitter.compat')
050.849  000.223  000.223: require('nvim-treesitter.ts_utils')
050.852  000.352  000.128: require('nvim-treesitter.tsrange')
050.941  000.088  000.088: require('nvim-treesitter.caching')
050.946  000.755  000.221: require('nvim-treesitter.query')
050.953  001.145  000.390: require('nvim-treesitter.configs')
050.955  001.476  000.330: require('nvim-treesitter.info')
051.150  000.190  000.190: require('nvim-treesitter.shell_command_selectors')
051.294  005.386  000.521: require('nvim-treesitter.install')
051.393  000.098  000.098: require('nvim-treesitter.statusline')
051.517  000.123  000.123: require('nvim-treesitter.query_predicates')
051.518  005.705  000.098: require('nvim-treesitter')
051.817  000.296  000.296: require('vim.iter')
052.217  006.427  000.426: sourcing /Users/s_a_b/.local/share/nvim/pack/plugins/start/nvim-treesitter/plugin/nvim-treesitter.lua
052.542  000.113  000.113: require('otter.config')
053.145  000.105  000.105: require('otter.tools.functions')
053.165  000.410  000.305: require('otter.keeper')
053.461  000.150  000.150: require('otter.lsp.handlers')
053.625  000.459  000.309: require('otter.lsp')
053.627  001.085  000.215: require('otter')
053.632  001.235  000.037: sourcing /Users/s_a_b/.local/share/nvim/pack/plugins/start/otter.nvim/plugin/otter.lua
054.212  000.193  000.193: require('quarto.config')
054.317  000.103  000.103: require('quarto.tools')
054.436  000.118  000.118: require('quarto.util')
054.438  000.666  000.251: require('quarto')
054.447  000.697  000.031: sourcing /Users/s_a_b/.local/share/nvim/pack/plugins/start/quarto-nvim/plugin/quarto.lua
054.758  000.171  000.171: sourcing /Users/s_a_b/.local/share/nvim/pack/plugins/start/telescope.nvim/plugin/telescope.lua
055.637  000.100  000.100: require('typst-preview.config')
055.661  000.274  000.174: require('typst-preview.utils')
056.137  000.170  000.170: require('typst-preview.fetch')
056.138  000.356  000.186: require('typst-preview.servers.factory')
056.142  000.480  000.124: require('typst-preview.servers.manager')
056.144  000.876  000.122: require('typst-preview.servers')
056.145  000.987  000.111: require('typst-preview.events.server')
056.243  000.097  000.097: require('typst-preview.events.editor')
056.244  001.189  000.106: require('typst-preview.events')
056.245  001.356  000.167: require('typst-preview.commands')
056.274  001.401  000.044: sourcing /Users/s_a_b/.local/share/nvim/pack/plugins/start/typst-preview.nvim/plugin/init.lua
056.458  000.017  000.017: sourcing /Users/s_a_b/.local/share/nvim/pack/plugins/start/which-key.nvim/plugin/which-key.lua
056.461  021.318  002.131: sourcing nvim_exec2() called at /Users/s_a_b/Documents/etc/dotfiles/config/nvim/init.lua:0
056.546  051.580  002.145: require('plugins')
057.417  000.031  000.031: sourcing /Users/s_a_b/.local/share/nvim/pack/plugins/start/vimtex/ftdetect/cls.vim
057.463  000.010  000.010: sourcing /Users/s_a_b/.local/share/nvim/pack/plugins/start/vimtex/ftdetect/tex.vim
057.505  000.008  000.008: sourcing /Users/s_a_b/.local/share/nvim/pack/plugins/start/vimtex/ftdetect/tikz.vim
057.512  000.320  000.270: sourcing nvim_exec2() called at /opt/homebrew/Cellar/neovim/HEAD-2ef48fc/share/nvim/runtime/filetype.lua:0
057.514  000.373  000.053: sourcing /opt/homebrew/Cellar/neovim/HEAD-2ef48fc/share/nvim/runtime/filetype.lua
057.697  000.007  000.007: sourcing /opt/homebrew/Cellar/neovim/HEAD-2ef48fc/share/nvim/runtime/ftplugin.vim
057.813  000.006  000.006: sourcing /opt/homebrew/Cellar/neovim/HEAD-2ef48fc/share/nvim/runtime/indent.vim
057.878  000.802  000.416: sourcing nvim_exec2() called at /Users/s_a_b/Documents/etc/dotfiles/config/nvim/init.lua:0
241.964  185.417  184.614: require('config')
242.711  000.743  000.743: require('keymaps')
242.722  237.969  000.231: sourcing /Users/s_a_b/.config/nvim/init.lua
242.741  000.702: sourcing vimrc file(s)
242.979  000.058  000.058: sourcing /opt/homebrew/Cellar/neovim/HEAD-2ef48fc/share/nvim/runtime/syntax/synload.vim
243.033  000.202  000.144: sourcing /opt/homebrew/Cellar/neovim/HEAD-2ef48fc/share/nvim/runtime/syntax/syntax.vim
243.346  000.292  000.292: require('gitsigns.async')
244.075  000.022  000.022: sourcing /opt/homebrew/Cellar/neovim/HEAD-2ef48fc/share/nvim/runtime/plugin/gzip.vim
244.112  000.006  000.006: sourcing /opt/homebrew/Cellar/neovim/HEAD-2ef48fc/share/nvim/runtime/plugin/matchit.vim
244.146  000.007  000.007: sourcing /opt/homebrew/Cellar/neovim/HEAD-2ef48fc/share/nvim/runtime/plugin/matchparen.vim
244.181  000.008  000.008: sourcing /opt/homebrew/Cellar/neovim/HEAD-2ef48fc/share/nvim/runtime/plugin/netrwPlugin.vim
244.212  000.004  000.004: sourcing /opt/homebrew/Cellar/neovim/HEAD-2ef48fc/share/nvim/runtime/plugin/rplugin.vim
244.242  000.004  000.004: sourcing /opt/homebrew/Cellar/neovim/HEAD-2ef48fc/share/nvim/runtime/plugin/spellfile.vim
244.275  000.006  000.006: sourcing /opt/homebrew/Cellar/neovim/HEAD-2ef48fc/share/nvim/runtime/plugin/tarPlugin.vim
244.306  000.005  000.005: sourcing /opt/homebrew/Cellar/neovim/HEAD-2ef48fc/share/nvim/runtime/plugin/tutor.vim
244.339  000.007  000.007: sourcing /opt/homebrew/Cellar/neovim/HEAD-2ef48fc/share/nvim/runtime/plugin/zipPlugin.vim
244.401  000.036  000.036: sourcing /opt/homebrew/Cellar/neovim/HEAD-2ef48fc/share/nvim/runtime/plugin/editorconfig.lua
244.460  000.033  000.033: sourcing /opt/homebrew/Cellar/neovim/HEAD-2ef48fc/share/nvim/runtime/plugin/man.lua
244.543  000.055  000.055: sourcing /opt/homebrew/Cellar/neovim/HEAD-2ef48fc/share/nvim/runtime/plugin/nvim/net.lua
244.628  000.060  000.060: sourcing /opt/homebrew/Cellar/neovim/HEAD-2ef48fc/share/nvim/runtime/plugin/osc52.lua
244.706  000.052  000.052: sourcing /opt/homebrew/Cellar/neovim/HEAD-2ef48fc/share/nvim/runtime/plugin/shada.lua
244.756  000.025  000.025: sourcing /opt/homebrew/Cellar/neovim/HEAD-2ef48fc/share/nvim/runtime/plugin/tohtml.lua
244.881  000.006  000.006: sourcing /opt/homebrew/Cellar/neovim/HEAD-2ef48fc/share/nvim/runtime/pack/dist/opt/netrw/plugin/netrwPlugin.vim
245.004  000.009  000.009: sourcing /opt/homebrew/Cellar/neovim/HEAD-2ef48fc/share/nvim/runtime/pack/dist/opt/matchit/plugin/matchit.vim
245.374  000.212  000.212: sourcing /Users/s_a_b/.local/share/nvim/pack/plugins/start/blink.cmp/plugin/blink-cmp.lua
245.541  000.023  000.023: sourcing /Users/s_a_b/.local/share/nvim/pack/plugins/start/github-nvim-theme/plugin/github_theme.lua
245.673  000.038  000.038: sourcing /Users/s_a_b/.local/share/nvim/pack/plugins/start/gitsigns.nvim/plugin/gitsigns.lua
245.874  000.083  000.083: sourcing /Users/s_a_b/.local/share/nvim/pack/plugins/start/markdown-preview.nvim/plugin/mkdp.vim
246.153  000.136  000.136: sourcing /Users/s_a_b/.local/share/nvim/pack/plugins/start/nvim-lspconfig/plugin/lspconfig.lua
246.306  000.021  000.021: sourcing /Users/s_a_b/.local/share/nvim/pack/plugins/start/nvim-treesitter/plugin/nvim-treesitter.lua
246.410  000.004  000.004: sourcing /Users/s_a_b/.local/share/nvim/pack/plugins/start/nvim-web-devicons/plugin/nvim-web-devicons.vim
246.560  000.030  000.030: sourcing /Users/s_a_b/.local/share/nvim/pack/plugins/start/otter.nvim/plugin/otter.lua
246.674  000.017  000.017: sourcing /Users/s_a_b/.local/share/nvim/pack/plugins/start/plenary.nvim/plugin/plenary.vim
246.799  000.031  000.031: sourcing /Users/s_a_b/.local/share/nvim/pack/plugins/start/quarto-nvim/plugin/quarto.lua
246.975  000.086  000.086: sourcing /Users/s_a_b/.local/share/nvim/pack/plugins/start/telescope.nvim/plugin/telescope.lua
247.186  000.060  000.060: sourcing /Users/s_a_b/.local/share/nvim/pack/plugins/start/typst-preview.nvim/plugin/init.lua
247.300  000.020  000.020: sourcing /Users/s_a_b/.local/share/nvim/pack/plugins/start/vim-sneak/plugin/sneak.vim
247.399  000.007  000.007: sourcing /Users/s_a_b/.local/share/nvim/pack/plugins/start/vimtex/plugin/vimtex.vim
247.514  000.016  000.016: sourcing /Users/s_a_b/.local/share/nvim/pack/plugins/start/which-key.nvim/plugin/which-key.lua
247.515  003.153: loading rtp plugins
247.516  000.001: loading packages
247.517  000.001: loading after plugins
247.525  000.008: inits 3
248.237  000.711: reading ShaDa
248.288  000.052: opening buffers
248.303  000.015: BufEnter autocommands
248.304  000.001: editing files in windows
248.324  000.019: --- NVIM STARTED ---

